<?xml version="1.0" encoding="UTF-8"?>
<!-- Generated by org.testng.reporters.JUnitReportReporter -->
<testsuite hostname="DESKTOP-3FUKHGD" failures="0" tests="1" name="LoginPage" time="13.508" errors="0" timestamp="2024-03-05T09:31:27 SAST" skipped="0">
  <testcase classname="LoginPage" name="testSelectingBook" time="13.508"/>
</testsuite> <!-- LoginPage -->
