<?xml version="1.0" encoding="UTF-8"?>
<!-- Generated by org.testng.reporters.JUnitReportReporter -->
<testsuite hostname="DESKTOP-3FUKHGD" failures="0" tests="1" name="LoginPage" time="15.282" errors="0" timestamp="2024-03-05T07:21:02 SAST" skipped="0">
  <testcase classname="LoginPage" name="getBookTest" time="15.282"/>
</testsuite> <!-- LoginPage -->
